Starting Random Trials Analysis
Network: 22 links, 10 internal nodes
Source node: 10
Available OPL measurements: 15
Running 10 random trials...
Total OPL measurements available: 15
Each trial: 1 for candidate generation, 14 for validation
----------------------------------------------------------------------

Trial 1/10
  Candidate OPL: 453.61 μm (index 10)
  Validation OPLs: 14 measurements
  Best link: (np.int32(0), np.int32(5)) (score: 12)
  Best location: 6.045236100789181e-05
  Processing time: 58.86s

Trial 2/10
  Candidate OPL: 311.91 μm (index 1)
  Validation OPLs: 14 measurements
  Best link: (np.int32(2), np.int32(8)) (score: 14)
  Best location: 4.661489577701443e-05
  Processing time: 17.35s

Trial 3/10
  Candidate OPL: 275.81 μm (index 0)
  Validation OPLs: 14 measurements
  Best link: (np.int32(0), np.int32(5)) (score: 13)
  Best location: 6.0284865526136616e-05
  Processing time: 12.16s

Trial 4/10
  Candidate OPL: 463.01 μm (index 11)
  Validation OPLs: 14 measurements
  Best link: (np.int32(2), np.int32(8)) (score: 14)
  Best location: 4.6541136646011225e-05
  Processing time: 71.19s

Trial 5/10
  Candidate OPL: 381.31 μm (index 4)
  Validation OPLs: 14 measurements
  Best link: (np.int32(0), np.int32(5)) (score: 12)
  Best location: 6.047817501816964e-05
  Processing time: 26.52s

Trial 6/10
  Candidate OPL: 348.71 μm (index 3)
  Validation OPLs: 14 measurements
  Best link: (np.int32(5), np.int32(9)) (score: 13)
  Best location: 1.3551646921781851e-05
  Processing time: 22.28s

Trial 7/10
  Candidate OPL: 348.71 μm (index 3)
  Validation OPLs: 14 measurements
  Best link: (np.int32(5), np.int32(9)) (score: 13)
  Best location: 1.3551646921781851e-05
  Processing time: 22.53s

Trial 8/10
  Candidate OPL: 332.01 μm (index 2)
  Validation OPLs: 14 measurements
  Best link: (np.int32(5), np.int32(9)) (score: 13)
  Best location: 1.3529092802846352e-05
  Processing time: 20.03s

Trial 9/10
  Candidate OPL: 463.01 μm (index 11)
  Validation OPLs: 14 measurements
  Best link: (np.int32(2), np.int32(8)) (score: 14)
  Best location: 4.6541136646011225e-05
  Processing time: 71.25s

Trial 10/10
  Candidate OPL: 311.91 μm (index 1)
  Validation OPLs: 14 measurements
  Best link: (np.int32(2), np.int32(8)) (score: 14)
  Best location: 4.661489577701443e-05
  Processing time: 16.82s

======================================================================
RANDOM TRIALS SUMMARY
======================================================================

BEST CANDIDATE LINK: (np.int32(2), np.int32(8))
Maximum score achieved: 14
Detection rate: 100.0% (10/10 trials)
Average score: 11.30
Average location: 0.000041
Location std dev: 0.000011

LINK PERFORMANCE RANKING:
 1. Link (np.int32(2), np.int32(8)): max_score=14, detection_rate=100.0%, avg_score=11.30
 2. Link (np.int32(5), np.int32(9)): max_score=13, detection_rate=100.0%, avg_score=10.50
 3. Link (np.int32(4), np.int32(5)): max_score=13, detection_rate=100.0%, avg_score=10.50
 4. Link (np.int32(0), np.int32(5)): max_score=13, detection_rate=100.0%, avg_score=10.60
 5. Link (np.int32(5), np.int32(7)): max_score=13, detection_rate=100.0%, avg_score=10.50

Total execution time: 338.99s

DETAILED CANDIDATE ANALYSIS:
--------------------------------------------------

Link (np.int32(3), np.int32(6)):
  Found in 10 trials
    Trial 1: location=0.000020, score=3, candidate_opl=453.61μm
    Trial 2: location=0.000060, score=7, candidate_opl=311.91μm
    Trial 3: location=0.000072, score=11, candidate_opl=275.81μm
    Trial 4: location=0.000072, score=12, candidate_opl=463.01μm
    Trial 5: location=0.000037, score=2, candidate_opl=381.31μm
    Trial 6: location=0.000048, score=6, candidate_opl=348.71μm
    Trial 7: location=0.000048, score=6, candidate_opl=348.71μm
    Trial 8: location=0.000060, score=7, candidate_opl=332.01μm
    Trial 9: location=0.000072, score=12, candidate_opl=463.01μm
    Trial 10: location=0.000060, score=7, candidate_opl=311.91μm

Link (np.int32(0), np.int32(3)):
  Found in 10 trials
    Trial 1: location=0.000082, score=5, candidate_opl=453.61μm
    Trial 2: location=0.000094, score=4, candidate_opl=311.91μm
    Trial 3: location=0.000082, score=5, candidate_opl=275.81μm
    Trial 4: location=0.000144, score=1, candidate_opl=463.01μm
    Trial 5: location=0.000082, score=5, candidate_opl=381.31μm
    Trial 6: location=0.000106, score=3, candidate_opl=348.71μm
    Trial 7: location=0.000106, score=3, candidate_opl=348.71μm
    Trial 8: location=0.000101, score=3, candidate_opl=332.01μm
    Trial 9: location=0.000144, score=1, candidate_opl=463.01μm
    Trial 10: location=0.000094, score=4, candidate_opl=311.91μm

Link (np.int32(0), np.int32(6)):
  Found in 2 trials
    Trial 3: location=0.000006, score=9, candidate_opl=275.81μm
    Trial 5: location=0.000006, score=5, candidate_opl=381.31μm

Link (np.int32(2), np.int32(6)):
  Found in 10 trials
    Trial 1: location=0.000006, score=3, candidate_opl=453.61μm
    Trial 2: location=0.000037, score=7, candidate_opl=311.91μm
    Trial 3: location=0.000049, score=11, candidate_opl=275.81μm
    Trial 4: location=0.000049, score=12, candidate_opl=463.01μm
    Trial 5: location=0.000014, score=2, candidate_opl=381.31μm
    Trial 6: location=0.000025, score=6, candidate_opl=348.71μm
    Trial 7: location=0.000025, score=6, candidate_opl=348.71μm
    Trial 8: location=0.000037, score=7, candidate_opl=332.01μm
    Trial 9: location=0.000049, score=12, candidate_opl=463.01μm
    Trial 10: location=0.000037, score=7, candidate_opl=311.91μm

Link (np.int32(2), np.int32(3)):
  Found in 3 trials
    Trial 1: location=0.000006, score=4, candidate_opl=453.61μm
    Trial 4: location=0.000006, score=5, candidate_opl=463.01μm
    Trial 9: location=0.000006, score=5, candidate_opl=463.01μm

Link (np.int32(2), np.int32(7)):
  Found in 3 trials
    Trial 1: location=0.000006, score=4, candidate_opl=453.61μm
    Trial 4: location=0.000006, score=5, candidate_opl=463.01μm
    Trial 9: location=0.000006, score=5, candidate_opl=463.01μm

Link (np.int32(5), np.int32(9)):
  Found in 10 trials
    Trial 1: location=0.000014, score=10, candidate_opl=453.61μm
    Trial 2: location=0.000025, score=7, candidate_opl=311.91μm
    Trial 3: location=0.000013, score=11, candidate_opl=275.81μm
    Trial 4: location=0.000013, score=11, candidate_opl=463.01μm
    Trial 5: location=0.000013, score=9, candidate_opl=381.31μm
    Trial 6: location=0.000014, score=13, candidate_opl=348.71μm
    Trial 7: location=0.000014, score=13, candidate_opl=348.71μm
    Trial 8: location=0.000014, score=13, candidate_opl=332.01μm
    Trial 9: location=0.000013, score=11, candidate_opl=463.01μm
    Trial 10: location=0.000025, score=7, candidate_opl=311.91μm

Link (np.int32(4), np.int32(9)):
  Found in 7 trials
    Trial 1: location=0.000057, score=1, candidate_opl=453.61μm
    Trial 4: location=0.000097, score=8, candidate_opl=463.01μm
    Trial 5: location=0.000097, score=6, candidate_opl=381.31μm
    Trial 6: location=0.000091, score=4, candidate_opl=348.71μm
    Trial 7: location=0.000091, score=4, candidate_opl=348.71μm
    Trial 8: location=0.000097, score=6, candidate_opl=332.01μm
    Trial 9: location=0.000097, score=8, candidate_opl=463.01μm

Link (np.int32(4), np.int32(5)):
  Found in 10 trials
    Trial 1: location=0.000102, score=10, candidate_opl=453.61μm
    Trial 2: location=0.000090, score=7, candidate_opl=311.91μm
    Trial 3: location=0.000102, score=11, candidate_opl=275.81μm
    Trial 4: location=0.000102, score=11, candidate_opl=463.01μm
    Trial 5: location=0.000102, score=9, candidate_opl=381.31μm
    Trial 6: location=0.000102, score=13, candidate_opl=348.71μm
    Trial 7: location=0.000102, score=13, candidate_opl=348.71μm
    Trial 8: location=0.000102, score=13, candidate_opl=332.01μm
    Trial 9: location=0.000102, score=11, candidate_opl=463.01μm
    Trial 10: location=0.000090, score=7, candidate_opl=311.91μm

Link (np.int32(0), np.int32(5)):
  Found in 10 trials
    Trial 1: location=0.000060, score=12, candidate_opl=453.61μm
    Trial 2: location=0.000060, score=12, candidate_opl=311.91μm
    Trial 3: location=0.000060, score=13, candidate_opl=275.81μm
    Trial 4: location=0.000041, score=9, candidate_opl=463.01μm
    Trial 5: location=0.000060, score=12, candidate_opl=381.31μm
    Trial 6: location=0.000048, score=10, candidate_opl=348.71μm
    Trial 7: location=0.000048, score=10, candidate_opl=348.71μm
    Trial 8: location=0.000042, score=7, candidate_opl=332.01μm
    Trial 9: location=0.000041, score=9, candidate_opl=463.01μm
    Trial 10: location=0.000060, score=12, candidate_opl=311.91μm

Link (np.int32(0), np.int32(9)):
  Found in 7 trials
    Trial 1: location=0.000089, score=7, candidate_opl=453.61μm
    Trial 2: location=0.000094, score=4, candidate_opl=311.91μm
    Trial 3: location=0.000082, score=5, candidate_opl=275.81μm
    Trial 4: location=0.000084, score=4, candidate_opl=463.01μm
    Trial 5: location=0.000089, score=7, candidate_opl=381.31μm
    Trial 9: location=0.000084, score=4, candidate_opl=463.01μm
    Trial 10: location=0.000094, score=4, candidate_opl=311.91μm

Link (np.int32(5), np.int32(7)):
  Found in 10 trials
    Trial 1: location=0.000014, score=10, candidate_opl=453.61μm
    Trial 2: location=0.000025, score=7, candidate_opl=311.91μm
    Trial 3: location=0.000013, score=11, candidate_opl=275.81μm
    Trial 4: location=0.000013, score=11, candidate_opl=463.01μm
    Trial 5: location=0.000013, score=9, candidate_opl=381.31μm
    Trial 6: location=0.000014, score=13, candidate_opl=348.71μm
    Trial 7: location=0.000014, score=13, candidate_opl=348.71μm
    Trial 8: location=0.000014, score=13, candidate_opl=332.01μm
    Trial 9: location=0.000013, score=11, candidate_opl=463.01μm
    Trial 10: location=0.000025, score=7, candidate_opl=311.91μm

Link (np.int32(2), np.int32(5)):
  Found in 10 trials
    Trial 1: location=0.000075, score=10, candidate_opl=453.61μm
    Trial 2: location=0.000063, score=7, candidate_opl=311.91μm
    Trial 3: location=0.000075, score=11, candidate_opl=275.81μm
    Trial 4: location=0.000076, score=11, candidate_opl=463.01μm
    Trial 5: location=0.000076, score=9, candidate_opl=381.31μm
    Trial 6: location=0.000075, score=13, candidate_opl=348.71μm
    Trial 7: location=0.000075, score=13, candidate_opl=348.71μm
    Trial 8: location=0.000075, score=13, candidate_opl=332.01μm
    Trial 9: location=0.000076, score=11, candidate_opl=463.01μm
    Trial 10: location=0.000063, score=7, candidate_opl=311.91μm

Link (np.int32(2), np.int32(8)):
  Found in 10 trials
    Trial 1: location=0.000046, score=9, candidate_opl=453.61μm
    Trial 2: location=0.000047, score=14, candidate_opl=311.91μm
    Trial 3: location=0.000047, score=13, candidate_opl=275.81μm
    Trial 4: location=0.000047, score=14, candidate_opl=463.01μm
    Trial 5: location=0.000011, score=4, candidate_opl=381.31μm
    Trial 6: location=0.000046, score=13, candidate_opl=348.71μm
    Trial 7: location=0.000046, score=13, candidate_opl=348.71μm
    Trial 8: location=0.000028, score=5, candidate_opl=332.01μm
    Trial 9: location=0.000047, score=14, candidate_opl=463.01μm
    Trial 10: location=0.000047, score=14, candidate_opl=311.91μm

Link (np.int32(5), np.int32(8)):
  Found in 9 trials
    Trial 1: location=0.000014, score=9, candidate_opl=453.61μm
    Trial 2: location=0.000025, score=4, candidate_opl=311.91μm
    Trial 3: location=0.000013, score=10, candidate_opl=275.81μm
    Trial 4: location=0.000013, score=10, candidate_opl=463.01μm
    Trial 6: location=0.000014, score=11, candidate_opl=348.71μm
    Trial 7: location=0.000014, score=11, candidate_opl=348.71μm
    Trial 8: location=0.000014, score=11, candidate_opl=332.01μm
    Trial 9: location=0.000013, score=10, candidate_opl=463.01μm
    Trial 10: location=0.000025, score=4, candidate_opl=311.91μm

Link (np.int32(0), np.int32(8)):
  Found in 6 trials
    Trial 2: location=0.000001, score=12, candidate_opl=311.91μm
    Trial 3: location=0.000001, score=11, candidate_opl=275.81μm
    Trial 4: location=0.000001, score=12, candidate_opl=463.01μm
    Trial 5: location=0.000000, score=5, candidate_opl=381.31μm
    Trial 9: location=0.000001, score=12, candidate_opl=463.01μm
    Trial 10: location=0.000001, score=12, candidate_opl=311.91μm